<?xml version="1.0" encoding="UTF-8"?>
<!-- Generated by org.testng.reporters.JUnitXMLReporter -->
<testsuite ignored="0" hostname="DESKTOP-7G8E9K1" failures="1" tests="7" name="Surefire test" time="41.611" errors="0" timestamp="2024-11-01T11:51:40 IST">
  <testcase classname="instagramFeatures.OpenCartRegisterAndLoginTest" name="@BeforeMethod lunch" time="-1.730442059087E9">
    <failure type="org.testng.TestNGException" message="
Parameter &amp;apos;browser&amp;apos; is required by BeforeMethod on method lunch but has not been marked @Optional or defined
">
      <![CDATA[org.testng.TestNGException: 
Parameter 'browser' is required by BeforeMethod on method lunch but has not been marked @Optional or defined

at java.base/java.util.ArrayList.forEach(ArrayList.java:1596)
... Removed 33 stack frames]]>
    </failure>
  </testcase> <!-- @BeforeMethod lunch -->
  <testcase classname="instagramFeatures.OpenCartRegisterAndLoginTest" name="@BeforeMethod lunch" time="0.0">
    <skipped/>
  </testcase> <!-- @BeforeMethod lunch -->
  <testcase classname="instagramFeatures.OpenCartRegisterAndLoginTest" name="@BeforeMethod lunch" time="0.0">
    <skipped/>
  </testcase> <!-- @BeforeMethod lunch -->
  <testcase classname="instagramFeatures.OpenCartRegisterAndLoginTest" name="@BeforeMethod lunch" time="0.0">
    <skipped/>
  </testcase> <!-- @BeforeMethod lunch -->
  <testcase classname="instagramFeatures.OpenCartRegisterAndLoginTest" name="@BeforeMethod lunch" time="0.0">
    <skipped/>
  </testcase> <!-- @BeforeMethod lunch -->
  <testcase classname="instagramFeatures.OpenCartRegisterAndLoginTest" name="login" time="0.0">
    <skipped/>
  </testcase> <!-- login -->
  <testcase classname="instagramFeatures.OpenCartRegisterAndLoginTest" name="login1" time="0.0">
    <skipped/>
  </testcase> <!-- login1 -->
  <testcase classname="instagramFeatures.OpenCartRegisterAndLoginTest" name="login2" time="0.0">
    <skipped/>
  </testcase> <!-- login2 -->
  <testcase classname="instagramFeatures.OpenCartRegisterAndLoginTest" name="login3" time="0.0">
    <skipped/>
  </testcase> <!-- login3 -->
  <testcase classname="instagramFeatures.OpenCartRegisterAndLoginTest" name="login4" time="0.0">
    <skipped/>
  </testcase> <!-- login4 -->
  <testcase classname="instagramFeatures.SridharTest" name="login" time="0.702"/>
  <testcase classname="instagramFeatures.SridharTest" name="findandsend" time="25.96">
    <failure type="org.openqa.selenium.NoSuchElementException" message="Unable to find element with locator By.xpath: //button[text()=&amp;apos;Not Now&amp;apos;]
For documentation on this error, please visit: https://www.selenium.dev/documentation/webdriver/troubleshooting/errors#no-such-element-exception
Build info: version: &amp;apos;4.16.1&amp;apos;, revision: &amp;apos;9b4c83354e&amp;apos;
System info: os.name: &amp;apos;Windows 10&amp;apos;, os.arch: &amp;apos;amd64&amp;apos;, os.version: &amp;apos;10.0&amp;apos;, java.version: &amp;apos;21.0.1&amp;apos;
Driver info: driver.version: RemoteWebDriver">
      <![CDATA[org.openqa.selenium.NoSuchElementException: Unable to find element with locator By.xpath: //button[text()='Not Now']
For documentation on this error, please visit: https://www.selenium.dev/documentation/webdriver/troubleshooting/errors#no-such-element-exception
Build info: version: '4.16.1', revision: '9b4c83354e'
System info: os.name: 'Windows 10', os.arch: 'amd64', os.version: '10.0', java.version: '21.0.1'
Driver info: driver.version: RemoteWebDriver
at org.openqa.selenium.remote.ElementLocation$ElementFinder$2.findElement(ElementLocation.java:168)
at org.openqa.selenium.remote.ElementLocation.findElement(ElementLocation.java:59)
at org.openqa.selenium.remote.RemoteWebDriver.findElement(RemoteWebDriver.java:360)
at org.openqa.selenium.remote.RemoteWebDriver.findElement(RemoteWebDriver.java:354)
at pageObjectModel.SendMessage.identify(SendMessage.java:47)
at instagramFeatures.SridharTest.findandsend(SridharTest.java:36)
at java.base/java.util.ArrayList.forEach(ArrayList.java:1596)
... Removed 30 stack frames]]>
    </failure>
  </testcase> <!-- findandsend -->
</testsuite> <!-- Surefire test -->
